<?xml version="1.0" encoding="UTF-8"?>
<testsuite xmlns:xsi="http://www.w3.org/2001/XMLSchema-instance" xsi:noNamespaceSchemaLocation="https://maven.apache.org/surefire/maven-surefire-plugin/xsd/surefire-test-report-3.0.xsd" version="3.0" name="com.rocketseat.passIn.PassInApplicationTests" time="80.795" tests="1" errors="0" skipped="0" failures="0">
  <properties>
[...]
</properties>
  <testcase name="contextLoads" classname="com.rocketseat.passIn.PassInApplicationTests" time="17.421">
    <system-out><![CDATA[14:35:13.094 [main] INFO org.springframework.test.context.support.AnnotationConfigContextLoaderUtils -- Could not detect default configuration classes for test class [com.rocketseat.passIn.PassInApplicationTests]: PassInApplicationTests does not declare any static, non-private, non-final, nested classes annotated with @Configuration.
14:35:15.244 [main] INFO org.springframework.boot.test.context.SpringBootTestContextBootstrapper -- Found @SpringBootConfiguration com.rocketseat.passIn.PassInApplication for test class com.rocketseat.passIn.PassInApplicationTests
14:35:16.084 [main] INFO org.springframework.boot.devtools.restart.RestartApplicationListener -- Restart disabled due to context in which it is running

  .   ____          _            __ _ _
 /\\ / ___'_ __ _ _(_)_ __  __ _ \ \ \ \
( ( )\___ | '_ | '_| | '_ \/ _` | \ \ \ \
 \\/  ___)| |_)| | | | | || (_| |  ) ) ) )
  '  |____| .__|_| |_|_| |_\__, | / / / /
 =========|_|==============|___/=/_/_/_/
 :: Spring Boot ::                (v3.2.4)

2024-04-03T14:35:25.405-03:00  INFO 3346 --- [passIn] [           main] c.r.passIn.PassInApplicationTests        : Starting PassInApplicationTests using Java 17.0.6 with PID 3346 (started by lara in /home/lara/Documentos/passIn)
2024-04-03T14:35:25.419-03:00  INFO 3346 --- [passIn] [           main] c.r.passIn.PassInApplicationTests        : No active profile set, falling back to 1 default profile: "default"
2024-04-03T14:35:29.662-03:00  INFO 3346 --- [passIn] [           main] .s.d.r.c.RepositoryConfigurationDelegate : Bootstrapping Spring Data JPA repositories in DEFAULT mode.
2024-04-03T14:35:30.104-03:00  INFO 3346 --- [passIn] [           main] .s.d.r.c.RepositoryConfigurationDelegate : Finished Spring Data repository scanning in 399 ms. Found 0 JPA repository interfaces.
2024-04-03T14:35:43.774-03:00  INFO 3346 --- [passIn] [           main] com.zaxxer.hikari.HikariDataSource       : HikariPool-1 - Starting...
2024-04-03T14:35:45.264-03:00  INFO 3346 --- [passIn] [           main] com.zaxxer.hikari.pool.PoolBase          : HikariPool-1 - Driver does not support get/set network timeout for connections. (feature not supported)
2024-04-03T14:35:45.267-03:00  INFO 3346 --- [passIn] [           main] com.zaxxer.hikari.pool.HikariPool        : HikariPool-1 - Added connection org.hsqldb.jdbc.JDBCConnection@65629ac6
2024-04-03T14:35:45.271-03:00  INFO 3346 --- [passIn] [           main] com.zaxxer.hikari.HikariDataSource       : HikariPool-1 - Start completed.
2024-04-03T14:35:45.584-03:00  INFO 3346 --- [passIn] [           main] o.f.c.internal.license.VersionPrinter    : Flyway Community Edition 9.22.3 by Redgate
2024-04-03T14:35:45.585-03:00  INFO 3346 --- [passIn] [           main] o.f.c.internal.license.VersionPrinter    : See release notes here: https://rd.gt/416ObMi
2024-04-03T14:35:45.586-03:00  INFO 3346 --- [passIn] [           main] o.f.c.internal.license.VersionPrinter    : 
2024-04-03T14:35:45.640-03:00  INFO 3346 --- [passIn] [           main] org.flywaydb.core.FlywayExecutor         : Database: jdbc:hsqldb:file:src/main/resources/database/myDb;shutdown=true (HSQL Database Engine 2.7)
2024-04-03T14:35:45.669-03:00  WARN 3346 --- [passIn] [           main] o.f.c.internal.database.base.Database    : Flyway upgrade recommended: HSQLDB 2.7 is newer than this version of Flyway and support has not been tested. The latest supported version of HSQLDB is 2.6.
2024-04-03T14:35:45.859-03:00  INFO 3346 --- [passIn] [           main] o.f.c.i.s.JdbcTableSchemaHistory         : Schema history table "PUBLIC"."flyway_schema_history" does not exist yet
2024-04-03T14:35:45.879-03:00  INFO 3346 --- [passIn] [           main] o.f.core.internal.command.DbValidate     : Successfully validated 4 migrations (execution time 00:00.171s)
2024-04-03T14:35:45.963-03:00  INFO 3346 --- [passIn] [           main] o.f.c.i.s.JdbcTableSchemaHistory         : Creating Schema History table "PUBLIC"."flyway_schema_history" ...
2024-04-03T14:35:46.190-03:00  INFO 3346 --- [passIn] [           main] o.f.core.internal.command.DbMigrate      : Current version of schema "PUBLIC": << Empty Schema >>
2024-04-03T14:35:46.399-03:00  INFO 3346 --- [passIn] [           main] o.f.core.internal.command.DbMigrate      : Migrating schema "PUBLIC" to version "1 - create-table-events"
2024-04-03T14:35:46.616-03:00  INFO 3346 --- [passIn] [           main] o.f.core.internal.command.DbMigrate      : Migrating schema "PUBLIC" to version "2 - create-table-attendees"
2024-04-03T14:35:46.790-03:00  INFO 3346 --- [passIn] [           main] o.f.core.internal.command.DbMigrate      : Migrating schema "PUBLIC" to version "3 - create-table-checkins"
2024-04-03T14:35:46.862-03:00  INFO 3346 --- [passIn] [           main] o.f.core.internal.command.DbMigrate      : Migrating schema "PUBLIC" to version "4 - create-indexes"
2024-04-03T14:35:46.994-03:00  INFO 3346 --- [passIn] [           main] o.f.core.internal.command.DbMigrate      : Successfully applied 4 migrations to schema "PUBLIC", now at version v4 (execution time 00:00.155s)
2024-04-03T14:35:47.868-03:00  INFO 3346 --- [passIn] [           main] o.hibernate.jpa.internal.util.LogHelper  : HHH000204: Processing PersistenceUnitInfo [name: default]
2024-04-03T14:35:48.235-03:00  INFO 3346 --- [passIn] [           main] org.hibernate.Version                    : HHH000412: Hibernate ORM core version 6.4.4.Final
2024-04-03T14:35:48.437-03:00  INFO 3346 --- [passIn] [           main] o.h.c.internal.RegionFactoryInitiator    : HHH000026: Second-level cache disabled
2024-04-03T14:35:55.810-03:00  INFO 3346 --- [passIn] [           main] o.s.o.j.p.SpringPersistenceUnitInfo      : No LoadTimeWeaver setup: ignoring JPA class transformer
2024-04-03T14:36:06.438-03:00  INFO 3346 --- [passIn] [           main] o.h.e.t.j.p.i.JtaPlatformInitiator       : HHH000489: No JTA platform available (set 'hibernate.transaction.jta.platform' to enable JTA platform integration)
2024-04-03T14:36:06.458-03:00  INFO 3346 --- [passIn] [           main] j.LocalContainerEntityManagerFactoryBean : Initialized JPA EntityManagerFactory for persistence unit 'default'
2024-04-03T14:36:09.951-03:00  WARN 3346 --- [passIn] [           main] JpaBaseConfiguration$JpaWebConfiguration : spring.jpa.open-in-view is enabled by default. Therefore, database queries may be performed during view rendering. Explicitly configure spring.jpa.open-in-view to disable this warning
2024-04-03T14:36:15.329-03:00  INFO 3346 --- [passIn] [           main] c.r.passIn.PassInApplicationTests        : Started PassInApplicationTests in 59.292 seconds (process running for 67.999)
]]></system-out>
  </testcase>
</testsuite>